This is pdfTeX, Version 3.1415926-2.3-1.40.12 (MiKTeX 2.9) (preloaded format=pdflatex 2012.12.30)  8 JAN 2013 16:30
entering extended mode
**C:/Users/Daniele/Documents/Daniele/Università/Basi*di*Dati/Progetto*Base*di*
Dati/progettodatabaseferramenta.tex

("C:/Users/Daniele/Documents/Daniele/Università/Basi di Dati/Progetto Base di 
Dati/progettodatabaseferramenta.tex"
LaTeX2e <2011/06/27>
Babel <v3.8m> and hyphenation patterns for english, afrikaans, ancientgreek, ar
abic, armenian, assamese, basque, bengali, bokmal, bulgarian, catalan, coptic, 
croatian, czech, danish, dutch, esperanto, estonian, farsi, finnish, french, ga
lician, german, german-x-2009-06-19, greek, gujarati, hindi, hungarian, iceland
ic, indonesian, interlingua, irish, italian, kannada, kurmanji, lao, latin, lat
vian, lithuanian, malayalam, marathi, mongolian, mongolianlmc, monogreek, ngerm
an, ngerman-x-2009-06-19, nynorsk, oriya, panjabi, pinyin, polish, portuguese, 
romanian, russian, sanskrit, serbian, slovak, slovenian, spanish, swedish, swis
sgerman, tamil, telugu, turkish, turkmen, ukenglish, ukrainian, uppersorbian, u
senglishmax, welsh, loaded.
("C:\Program Files\MiKTeX 2.9\tex\latex\base\article.cls"
Document Class: article 2007/10/19 v1.4h Standard LaTeX document class
("C:\Program Files\MiKTeX 2.9\tex\latex\base\size12.clo"
File: size12.clo 2007/10/19 v1.4h Standard LaTeX file (size option)
)
\c@part=\count79
\c@section=\count80
\c@subsection=\count81
\c@subsubsection=\count82
\c@paragraph=\count83
\c@subparagraph=\count84
\c@figure=\count85
\c@table=\count86
\abovecaptionskip=\skip41
\belowcaptionskip=\skip42
\bibindent=\dimen102
)
("C:\Program Files\MiKTeX 2.9\tex\generic\babel\babel.sty"
Package: babel 2008/07/08 v3.8m The Babel package

*************************************
* Local config file bblopts.cfg used
*
("C:\Program Files\MiKTeX 2.9\tex\latex\00miktex\bblopts.cfg"
File: bblopts.cfg 2006/07/31 v1.0 MiKTeX 'babel' configuration
)
("C:\Program Files\MiKTeX 2.9\tex\generic\babel\italian.ldf"
Language: italian 2008/03/14 v1.2t Italian support from the babel system

("C:\Program Files\MiKTeX 2.9\tex\generic\babel\babel.def"
File: babel.def 2008/07/08 v3.8m Babel common definitions
\babel@savecnt=\count87
\U@D=\dimen103
)
Package babel Info: Making " an active character on input line 94.
))
("C:\Program Files\MiKTeX 2.9\tex\latex\base\inputenc.sty"
Package: inputenc 2008/03/30 v1.1d Input encoding file
\inpenc@prehook=\toks14
\inpenc@posthook=\toks15

("C:\Program Files\MiKTeX 2.9\tex\latex\base\utf8.def"
File: utf8.def 2008/04/05 v1.1m UTF-8 support for inputenc
Now handling font encoding OML ...
... no UTF-8 mapping file for font encoding OML
Now handling font encoding T1 ...
... processing UTF-8 mapping file for font encoding T1

("C:\Program Files\MiKTeX 2.9\tex\latex\base\t1enc.dfu"
File: t1enc.dfu 2008/04/05 v1.1m UTF-8 support for inputenc
   defining Unicode char U+00A1 (decimal 161)
   defining Unicode char U+00A3 (decimal 163)
   defining Unicode char U+00AB (decimal 171)
   defining Unicode char U+00BB (decimal 187)
   defining Unicode char U+00BF (decimal 191)
   defining Unicode char U+00C0 (decimal 192)
   defining Unicode char U+00C1 (decimal 193)
   defining Unicode char U+00C2 (decimal 194)
   defining Unicode char U+00C3 (decimal 195)
   defining Unicode char U+00C4 (decimal 196)
   defining Unicode char U+00C5 (decimal 197)
   defining Unicode char U+00C6 (decimal 198)
   defining Unicode char U+00C7 (decimal 199)
   defining Unicode char U+00C8 (decimal 200)
   defining Unicode char U+00C9 (decimal 201)
   defining Unicode char U+00CA (decimal 202)
   defining Unicode char U+00CB (decimal 203)
   defining Unicode char U+00CC (decimal 204)
   defining Unicode char U+00CD (decimal 205)
   defining Unicode char U+00CE (decimal 206)
   defining Unicode char U+00CF (decimal 207)
   defining Unicode char U+00D0 (decimal 208)
   defining Unicode char U+00D1 (decimal 209)
   defining Unicode char U+00D2 (decimal 210)
   defining Unicode char U+00D3 (decimal 211)
   defining Unicode char U+00D4 (decimal 212)
   defining Unicode char U+00D5 (decimal 213)
   defining Unicode char U+00D6 (decimal 214)
   defining Unicode char U+00D8 (decimal 216)
   defining Unicode char U+00D9 (decimal 217)
   defining Unicode char U+00DA (decimal 218)
   defining Unicode char U+00DB (decimal 219)
   defining Unicode char U+00DC (decimal 220)
   defining Unicode char U+00DD (decimal 221)
   defining Unicode char U+00DE (decimal 222)
   defining Unicode char U+00DF (decimal 223)
   defining Unicode char U+00E0 (decimal 224)
   defining Unicode char U+00E1 (decimal 225)
   defining Unicode char U+00E2 (decimal 226)
   defining Unicode char U+00E3 (decimal 227)
   defining Unicode char U+00E4 (decimal 228)
   defining Unicode char U+00E5 (decimal 229)
   defining Unicode char U+00E6 (decimal 230)
   defining Unicode char U+00E7 (decimal 231)
   defining Unicode char U+00E8 (decimal 232)
   defining Unicode char U+00E9 (decimal 233)
   defining Unicode char U+00EA (decimal 234)
   defining Unicode char U+00EB (decimal 235)
   defining Unicode char U+00EC (decimal 236)
   defining Unicode char U+00ED (decimal 237)
   defining Unicode char U+00EE (decimal 238)
   defining Unicode char U+00EF (decimal 239)
   defining Unicode char U+00F0 (decimal 240)
   defining Unicode char U+00F1 (decimal 241)
   defining Unicode char U+00F2 (decimal 242)
   defining Unicode char U+00F3 (decimal 243)
   defining Unicode char U+00F4 (decimal 244)
   defining Unicode char U+00F5 (decimal 245)
   defining Unicode char U+00F6 (decimal 246)
   defining Unicode char U+00F8 (decimal 248)
   defining Unicode char U+00F9 (decimal 249)
   defining Unicode char U+00FA (decimal 250)
   defining Unicode char U+00FB (decimal 251)
   defining Unicode char U+00FC (decimal 252)
   defining Unicode char U+00FD (decimal 253)
   defining Unicode char U+00FE (decimal 254)
   defining Unicode char U+00FF (decimal 255)
   defining Unicode char U+0102 (decimal 258)
   defining Unicode char U+0103 (decimal 259)
   defining Unicode char U+0104 (decimal 260)
   defining Unicode char U+0105 (decimal 261)
   defining Unicode char U+0106 (decimal 262)
   defining Unicode char U+0107 (decimal 263)
   defining Unicode char U+010C (decimal 268)
   defining Unicode char U+010D (decimal 269)
   defining Unicode char U+010E (decimal 270)
   defining Unicode char U+010F (decimal 271)
   defining Unicode char U+0110 (decimal 272)
   defining Unicode char U+0111 (decimal 273)
   defining Unicode char U+0118 (decimal 280)
   defining Unicode char U+0119 (decimal 281)
   defining Unicode char U+011A (decimal 282)
   defining Unicode char U+011B (decimal 283)
   defining Unicode char U+011E (decimal 286)
   defining Unicode char U+011F (decimal 287)
   defining Unicode char U+0130 (decimal 304)
   defining Unicode char U+0131 (decimal 305)
   defining Unicode char U+0132 (decimal 306)
   defining Unicode char U+0133 (decimal 307)
   defining Unicode char U+0139 (decimal 313)
   defining Unicode char U+013A (decimal 314)
   defining Unicode char U+013D (decimal 317)
   defining Unicode char U+013E (decimal 318)
   defining Unicode char U+0141 (decimal 321)
   defining Unicode char U+0142 (decimal 322)
   defining Unicode char U+0143 (decimal 323)
   defining Unicode char U+0144 (decimal 324)
   defining Unicode char U+0147 (decimal 327)
   defining Unicode char U+0148 (decimal 328)
   defining Unicode char U+014A (decimal 330)
   defining Unicode char U+014B (decimal 331)
   defining Unicode char U+0150 (decimal 336)
   defining Unicode char U+0151 (decimal 337)
   defining Unicode char U+0152 (decimal 338)
   defining Unicode char U+0153 (decimal 339)
   defining Unicode char U+0154 (decimal 340)
   defining Unicode char U+0155 (decimal 341)
   defining Unicode char U+0158 (decimal 344)
   defining Unicode char U+0159 (decimal 345)
   defining Unicode char U+015A (decimal 346)
   defining Unicode char U+015B (decimal 347)
   defining Unicode char U+015E (decimal 350)
   defining Unicode char U+015F (decimal 351)
   defining Unicode char U+0160 (decimal 352)
   defining Unicode char U+0161 (decimal 353)
   defining Unicode char U+0162 (decimal 354)
   defining Unicode char U+0163 (decimal 355)
   defining Unicode char U+0164 (decimal 356)
   defining Unicode char U+0165 (decimal 357)
   defining Unicode char U+016E (decimal 366)
   defining Unicode char U+016F (decimal 367)
   defining Unicode char U+0170 (decimal 368)
   defining Unicode char U+0171 (decimal 369)
   defining Unicode char U+0178 (decimal 376)
   defining Unicode char U+0179 (decimal 377)
   defining Unicode char U+017A (decimal 378)
   defining Unicode char U+017B (decimal 379)
   defining Unicode char U+017C (decimal 380)
   defining Unicode char U+017D (decimal 381)
   defining Unicode char U+017E (decimal 382)
   defining Unicode char U+200C (decimal 8204)
   defining Unicode char U+2013 (decimal 8211)
   defining Unicode char U+2014 (decimal 8212)
   defining Unicode char U+2018 (decimal 8216)
   defining Unicode char U+2019 (decimal 8217)
   defining Unicode char U+201A (decimal 8218)
   defining Unicode char U+201C (decimal 8220)
   defining Unicode char U+201D (decimal 8221)
   defining Unicode char U+201E (decimal 8222)
   defining Unicode char U+2030 (decimal 8240)
   defining Unicode char U+2031 (decimal 8241)
   defining Unicode char U+2039 (decimal 8249)
   defining Unicode char U+203A (decimal 8250)
   defining Unicode char U+2423 (decimal 9251)
)
Now handling font encoding OT1 ...
... processing UTF-8 mapping file for font encoding OT1

("C:\Program Files\MiKTeX 2.9\tex\latex\base\ot1enc.dfu"
File: ot1enc.dfu 2008/04/05 v1.1m UTF-8 support for inputenc
   defining Unicode char U+00A1 (decimal 161)
   defining Unicode char U+00A3 (decimal 163)
   defining Unicode char U+00B8 (decimal 184)
   defining Unicode char U+00BF (decimal 191)
   defining Unicode char U+00C5 (decimal 197)
   defining Unicode char U+00C6 (decimal 198)
   defining Unicode char U+00D8 (decimal 216)
   defining Unicode char U+00DF (decimal 223)
   defining Unicode char U+00E6 (decimal 230)
   defining Unicode char U+00EC (decimal 236)
   defining Unicode char U+00ED (decimal 237)
   defining Unicode char U+00EE (decimal 238)
   defining Unicode char U+00EF (decimal 239)
   defining Unicode char U+00F8 (decimal 248)
   defining Unicode char U+0131 (decimal 305)
   defining Unicode char U+0141 (decimal 321)
   defining Unicode char U+0142 (decimal 322)
   defining Unicode char U+0152 (decimal 338)
   defining Unicode char U+0153 (decimal 339)
   defining Unicode char U+2013 (decimal 8211)
   defining Unicode char U+2014 (decimal 8212)
   defining Unicode char U+2018 (decimal 8216)
   defining Unicode char U+2019 (decimal 8217)
   defining Unicode char U+201C (decimal 8220)
   defining Unicode char U+201D (decimal 8221)
)
Now handling font encoding OMS ...
... processing UTF-8 mapping file for font encoding OMS

("C:\Program Files\MiKTeX 2.9\tex\latex\base\omsenc.dfu"
File: omsenc.dfu 2008/04/05 v1.1m UTF-8 support for inputenc
   defining Unicode char U+00A7 (decimal 167)
   defining Unicode char U+00B6 (decimal 182)
   defining Unicode char U+00B7 (decimal 183)
   defining Unicode char U+2020 (decimal 8224)
   defining Unicode char U+2021 (decimal 8225)
   defining Unicode char U+2022 (decimal 8226)
)
Now handling font encoding OMX ...
... no UTF-8 mapping file for font encoding OMX
Now handling font encoding U ...
... no UTF-8 mapping file for font encoding U
Now handling font encoding LGR ...
... no UTF-8 mapping file for font encoding LGR
   defining Unicode char U+00A9 (decimal 169)
   defining Unicode char U+00AA (decimal 170)
   defining Unicode char U+00AE (decimal 174)
   defining Unicode char U+00BA (decimal 186)
   defining Unicode char U+02C6 (decimal 710)
   defining Unicode char U+02DC (decimal 732)
   defining Unicode char U+200C (decimal 8204)
   defining Unicode char U+2026 (decimal 8230)
   defining Unicode char U+2122 (decimal 8482)
   defining Unicode char U+2423 (decimal 9251)
))
("C:\Program Files\MiKTeX 2.9\tex\latex\graphics\graphicx.sty"
Package: graphicx 1999/02/16 v1.0f Enhanced LaTeX Graphics (DPC,SPQR)

("C:\Program Files\MiKTeX 2.9\tex\latex\graphics\keyval.sty"
Package: keyval 1999/03/16 v1.13 key=value parser (DPC)
\KV@toks@=\toks16
)
("C:\Program Files\MiKTeX 2.9\tex\latex\graphics\graphics.sty"
Package: graphics 2009/02/05 v1.0o Standard LaTeX Graphics (DPC,SPQR)

("C:\Program Files\MiKTeX 2.9\tex\latex\graphics\trig.sty"
Package: trig 1999/03/16 v1.09 sin cos tan (DPC)
)
("C:\Program Files\MiKTeX 2.9\tex\latex\00miktex\graphics.cfg"
File: graphics.cfg 2007/01/18 v1.5 graphics configuration of teTeX/TeXLive
)
Package graphics Info: Driver file: pdftex.def on input line 91.

("C:\Program Files\MiKTeX 2.9\tex\latex\pdftex-def\pdftex.def"
File: pdftex.def 2011/05/27 v0.06d Graphics/color for pdfTeX

("C:\Program Files\MiKTeX 2.9\tex\generic\oberdiek\infwarerr.sty"
Package: infwarerr 2010/04/08 v1.3 Providing info/warning/error messages (HO)
)
("C:\Program Files\MiKTeX 2.9\tex\generic\oberdiek\ltxcmds.sty"
Package: ltxcmds 2011/11/09 v1.22 LaTeX kernel commands for general use (HO)
)
\Gread@gobject=\count88
))
\Gin@req@height=\dimen104
\Gin@req@width=\dimen105
)
("C:\Program Files\MiKTeX 2.9\tex\latex\caption\caption.sty"
Package: caption 2012/02/19 v3.2f Customizing captions (AR)

("C:\Program Files\MiKTeX 2.9\tex\latex\caption\caption3.sty"
Package: caption3 2012/01/12 v1.4b caption3 kernel (AR)
\captionmargin=\dimen106
\captionmargin@=\dimen107
\captionwidth=\dimen108
\caption@indent=\dimen109
\caption@parindent=\dimen110
\caption@hangindent=\dimen111
)
\c@ContinuedFloat=\count89
)
("C:\Users\Daniele\Documents\Daniele\Università\Basi di Dati\Progetto Base di 
Dati\progettodatabaseferramenta.aux"

LaTeX Warning: Label `' multiply defined.


LaTeX Warning: Label `' multiply defined.

)
LaTeX Font Info:    Checking defaults for OML/cmm/m/it on input line 10.
LaTeX Font Info:    ... okay on input line 10.
LaTeX Font Info:    Checking defaults for T1/cmr/m/n on input line 10.
LaTeX Font Info:    ... okay on input line 10.
LaTeX Font Info:    Checking defaults for OT1/cmr/m/n on input line 10.
LaTeX Font Info:    ... okay on input line 10.
LaTeX Font Info:    Checking defaults for OMS/cmsy/m/n on input line 10.
LaTeX Font Info:    ... okay on input line 10.
LaTeX Font Info:    Checking defaults for OMX/cmex/m/n on input line 10.
LaTeX Font Info:    ... okay on input line 10.
LaTeX Font Info:    Checking defaults for U/cmr/m/n on input line 10.
LaTeX Font Info:    ... okay on input line 10.
LaTeX Font Info:    Checking defaults for LGR/cmr/m/n on input line 10.
LaTeX Font Info:    Try loading font information for LGR+cmr on input line 10.
 ("C:\Program Files\MiKTeX 2.9\tex\generic\babel\lgrcmr.fd"
File: lgrcmr.fd 2008/06/17 v2.3 Greek Computer Modern
)
LaTeX Font Info:    ... okay on input line 10.

("C:\Program Files\MiKTeX 2.9\tex\context\base\supp-pdf.mkii"
[Loading MPS to PDF converter (version 2006.09.02).]
\scratchcounter=\count90
\scratchdimen=\dimen112
\scratchbox=\box26
\nofMPsegments=\count91
\nofMParguments=\count92
\everyMPshowfont=\toks17
\MPscratchCnt=\count93
\MPscratchDim=\dimen113
\MPnumerator=\count94
\makeMPintoPDFobject=\count95
\everyMPtoPDFconversion=\toks18
)
Package caption Info: Begin \AtBeginDocument code.
Package caption Info: End \AtBeginDocument code.
LaTeX Font Info:    External font `cmex10' loaded for size
(Font)              <14.4> on input line 11.
LaTeX Font Info:    External font `cmex10' loaded for size
(Font)              <7> on input line 11.

("C:\Users\Daniele\Documents\Daniele\Università\Basi di Dati\Progetto Base di 
Dati\progettodatabaseferramenta.toc")
\tf@toc=\write3

Underfull \hbox (badness 10000) in paragraph at lines 16--18

 []


Underfull \hbox (badness 10000) in paragraph at lines 16--18

 []

LaTeX Font Info:    Try loading font information for OMS+cmr on input line 19.
("C:\Program Files\MiKTeX 2.9\tex\latex\base\omscmr.fd"
File: omscmr.fd 1999/05/25 v2.5h Standard LaTeX font definitions
)
LaTeX Font Info:    Font shape `OMS/cmr/m/n' in size <12> not available
(Font)              Font shape `OMS/cmsy/m/n' tried instead on input line 19.
 [1

{C:/ProgramData/MiKTeX/2.9/pdftex/config/pdftex.map}]
Underfull \hbox (badness 10000) in paragraph at lines 31--33

 []


Underfull \hbox (badness 10000) in paragraph at lines 36--40

 []

[2] <tabelladatabase.jpg, id=13, 502.87875pt x 511.15968pt>
File: tabelladatabase.jpg Graphic file (type jpg)

<use tabelladatabase.jpg>
Package pdftex.def Info: tabelladatabase.jpg used on input line 42.
(pdftex.def)             Requested size: 426.78905pt x 486.5427pt.

Overfull \hbox (36.78905pt too wide) in paragraph at lines 42--43
 [] 
 []

[3 <C:/Users/Daniele/Documents/Daniele/Università/Basi di Dati/Progetto Base d
i Dati/tabelladatabase.jpg>]
<diagrammaeravanzato.pdf, id=17, 597.55246pt x 845.07718pt>
File: diagrammaeravanzato.pdf Graphic file (type pdf)

<use diagrammaeravanzato.pdf>
Package pdftex.def Info: diagrammaeravanzato.pdf used on input line 51.
(pdftex.def)             Requested size: 426.79999pt x 529.21642pt.

Overfull \hbox (36.79999pt too wide) in paragraph at lines 51--52
 [] 
 []

[4] [5 <C:/Users/Daniele/Documents/Daniele/Università/Basi di Dati/Progetto Ba
se di Dati/diagrammaeravanzato.pdf>]
<diagrammaerfinale.pdf, id=31, 597.55246pt x 845.07718pt>
File: diagrammaerfinale.pdf Graphic file (type pdf)

<use diagrammaerfinale.pdf>
Package pdftex.def Info: diagrammaerfinale.pdf used on input line 64.
(pdftex.def)             Requested size: 426.79999pt x 529.21642pt.

Overfull \hbox (36.79999pt too wide) in paragraph at lines 64--65
 [] 
 []

[6]
Underfull \hbox (badness 10000) in paragraph at lines 67--79

 []


Underfull \hbox (badness 10000) in paragraph at lines 67--79

 []


Underfull \hbox (badness 10000) in paragraph at lines 67--79

 []

[7 <C:/Users/Daniele/Documents/Daniele/Università/Basi di Dati/Progetto Base d
i Dati/diagrammaerfinale.pdf>] [8]
LaTeX Font Info:    External font `cmex10' loaded for size
(Font)              <12> on input line 89.
LaTeX Font Info:    External font `cmex10' loaded for size
(Font)              <8> on input line 89.
LaTeX Font Info:    External font `cmex10' loaded for size
(Font)              <6> on input line 89.

Underfull \hbox (badness 10000) in paragraph at lines 85--102

 []


Underfull \hbox (badness 10000) in paragraph at lines 85--102

 []


Underfull \hbox (badness 10000) in paragraph at lines 85--102

 []


Underfull \hbox (badness 10000) in paragraph at lines 85--102

 []


Underfull \hbox (badness 10000) in paragraph at lines 85--102

 []


Underfull \hbox (badness 10000) in paragraph at lines 85--102

 []


Underfull \hbox (badness 10000) in paragraph at lines 85--102

 []


Underfull \hbox (badness 10000) in paragraph at lines 85--102

 []


Underfull \hbox (badness 10000) in paragraph at lines 85--102

 []


Overfull \hbox (52.77742pt too wide) in paragraph at lines 85--102
\OT1/cmr/m/n/12 VENDITE($[]$:CLIENTI, $[]$:CLIENTI, $[]$, $[]$,
 []


Underfull \hbox (badness 10000) in paragraph at lines 85--102

 []


Overfull \hbox (52.80937pt too wide) in paragraph at lines 85--102
\OT1/cmr/m/n/12 MANUALITA($[]$:DIPENDENTI, $[]$:MACCHINARI) 
 []


Underfull \hbox (badness 10000) in paragraph at lines 85--102

 []


Overfull \hbox (35.2096pt too wide) in paragraph at lines 85--102
\OT1/cmr/m/n/12 ASSEGNAZIONI($[]$:DIPENDENTI, $[]$:PROGETTI) 
 []


Underfull \hbox (badness 10000) in paragraph at lines 85--102

 []


Overfull \hbox (40.66922pt too wide) in paragraph at lines 85--102
\OT1/cmr/m/n/12 ATTRIBUZIONI($[]$:MACCHINARI, $[]$:PROGETTI) 
 []


Underfull \hbox (badness 10000) in paragraph at lines 85--102

 []


Overfull \hbox (53.0719pt too wide) in paragraph at lines 85--102
\OT1/cmr/m/n/12 DOTAZIONI($[]$:MATERIALIPOSSEDUTI, $[]$:PROGETTI) 
 []


Underfull \hbox (badness 10000) in paragraph at lines 85--102

 []

[9]
Underfull \hbox (badness 10000) in paragraph at lines 104--106

 []


Underfull \hbox (badness 10000) in paragraph at lines 108--138

 []


Underfull \hbox (badness 10000) in paragraph at lines 108--138

 []


Underfull \hbox (badness 10000) in paragraph at lines 108--138

 []


Underfull \hbox (badness 10000) in paragraph at lines 108--138

 []


Underfull \hbox (badness 10000) in paragraph at lines 108--138

 []


Underfull \hbox (badness 10000) in paragraph at lines 108--138

 []


Underfull \hbox (badness 10000) in paragraph at lines 108--138

 []


Underfull \hbox (badness 10000) in paragraph at lines 108--138

 []


Underfull \hbox (badness 10000) in paragraph at lines 108--138

 []

[10] [11]
Underfull \hbox (badness 10000) in paragraph at lines 140--234

 []


Underfull \hbox (badness 10000) in paragraph at lines 140--234

 []


Underfull \hbox (badness 10000) in paragraph at lines 140--234

 []


Underfull \hbox (badness 10000) in paragraph at lines 140--234

 []


Underfull \hbox (badness 10000) in paragraph at lines 140--234

 []


Underfull \hbox (badness 10000) in paragraph at lines 140--234

 []


Underfull \hbox (badness 10000) in paragraph at lines 140--234

 []


Overfull \hbox (9.29927pt too wide) in paragraph at lines 140--234
\OT1/cmr/bx/n/12 FOREIGN KEY\OT1/cmr/m/n/12 (NomeCliente, Co-gno-me-Clien-te) \
OT1/cmr/bx/n/12 RE-FE-REN-CES \OT1/cmr/m/n/12 CLIEN-
 []


Underfull \hbox (badness 10000) in paragraph at lines 140--234

 []


Overfull \hbox (26.65051pt too wide) in paragraph at lines 140--234
\OT1/cmr/bx/n/12 FOREIGN KEY\OT1/cmr/m/n/12 (CodiceDipendente) \OT1/cmr/bx/n/12
 RE-FE-REN-CES \OT1/cmr/m/n/12 DI-PEN-DEN-TI(Codice) 
 []


Overfull \hbox (33.9879pt too wide) in paragraph at lines 140--234
\OT1/cmr/bx/n/12 FOREIGN KEY\OT1/cmr/m/n/12 (CodiceMacchinario) \OT1/cmr/bx/n/1
2 RE-FE-REN-CES \OT1/cmr/m/n/12 MAC-CHI-NA-RI(Codice) 
 []


Underfull \hbox (badness 10000) in paragraph at lines 140--234

 []


Overfull \hbox (26.65051pt too wide) in paragraph at lines 140--234
\OT1/cmr/bx/n/12 FOREIGN KEY\OT1/cmr/m/n/12 (CodiceDipendente) \OT1/cmr/bx/n/12
 RE-FE-REN-CES \OT1/cmr/m/n/12 DI-PEN-DEN-TI(Codice) 
 []


Underfull \hbox (badness 10000) in paragraph at lines 140--234

 []


Overfull \hbox (33.9879pt too wide) in paragraph at lines 140--234
\OT1/cmr/bx/n/12 FOREIGN KEY\OT1/cmr/m/n/12 (CodiceMacchinario) \OT1/cmr/bx/n/1
2 RE-FE-REN-CES \OT1/cmr/m/n/12 MAC-CHI-NA-RI(Codice) 
 []


Underfull \hbox (badness 10000) in paragraph at lines 140--234

 []


Underfull \hbox (badness 10000) in paragraph at lines 140--234

 []


Underfull \hbox (badness 10000) in paragraph at lines 140--234

 []

[12] [13] [14]
Underfull \hbox (badness 10000) in paragraph at lines 237--294

 []


Overfull \hbox (31.957pt too wide) in paragraph at lines 237--294
\OT1/cmr/bx/n/12 INSERT IN-TO \OT1/cmr/m/n/12 DI-PEN-DEN-TI \OT1/cmr/bx/n/12 VA
-LUES\OT1/cmr/m/n/12 ('FD451236','Direttore','Dino','Vitale', 
 []


Overfull \hbox (56.01369pt too wide) in paragraph at lines 237--294
\OT1/cmr/bx/n/12 INSERT IN-TO \OT1/cmr/m/n/12 DI-PEN-DEN-TI \OT1/cmr/bx/n/12 VA
-LUES\OT1/cmr/m/n/12 ('FD520101','Contabile','Francesco','Verdi', 
 []


Overfull \hbox (53.25676pt too wide) in paragraph at lines 237--294
\OT1/cmr/bx/n/12 INSERT IN-TO \OT1/cmr/m/n/12 DI-PEN-DEN-TI \OT1/cmr/bx/n/12 VA
-LUES\OT1/cmr/m/n/12 ('AS478569','Tecnico','Antonio','Gianetta', 
 []


Overfull \hbox (33.5889pt too wide) in paragraph at lines 237--294
\OT1/cmr/bx/n/12 INSERT IN-TO \OT1/cmr/m/n/12 DI-PEN-DEN-TI \OT1/cmr/bx/n/12 VA
-LUES\OT1/cmr/m/n/12 ('AS256901','Tecnico','Morgan','Virto', 
 []


Overfull \hbox (48.8068pt too wide) in paragraph at lines 237--294
\OT1/cmr/bx/n/12 INSERT IN-TO \OT1/cmr/m/n/12 DI-PEN-DEN-TI \OT1/cmr/bx/n/12 VA
-LUES\OT1/cmr/m/n/12 ('CS102584','Cassiere','Angela','Tornisco', 
 []


Underfull \hbox (badness 10000) in paragraph at lines 237--294

 []


Underfull \hbox (badness 10000) in paragraph at lines 237--294

 []


Underfull \hbox (badness 10000) in paragraph at lines 237--294

 []


Overfull \hbox (28.52368pt too wide) in paragraph at lines 237--294
\OT1/cmr/bx/n/12 INSERT IN-TO \OT1/cmr/m/n/12 MA-TE-RIA-LI-POS-SE-DU-TI \OT1/cm
r/bx/n/12 VA-LUES\OT1/cmr/m/n/12 ('Alluminio',450,'Tecniq'); 
 []


Overfull \hbox (17.90991pt too wide) in paragraph at lines 237--294
\OT1/cmr/bx/n/12 INSERT IN-TO \OT1/cmr/m/n/12 MA-TE-RIA-LI-POS-SE-DU-TI \OT1/cm
r/bx/n/12 VA-LUES\OT1/cmr/m/n/12 ('Legno',1100,'MOTV'); 
 []


Overfull \hbox (28.20146pt too wide) in paragraph at lines 237--294
\OT1/cmr/bx/n/12 INSERT IN-TO \OT1/cmr/m/n/12 MA-TE-RIA-LI-POS-SE-DU-TI \OT1/cm
r/bx/n/12 VA-LUES\OT1/cmr/m/n/12 ('Ottone',1500,'Comitec'); 
 []


Overfull \hbox (14.35857pt too wide) in paragraph at lines 237--294
\OT1/cmr/bx/n/12 INSERT IN-TO \OT1/cmr/m/n/12 MA-TE-RIA-LI-POS-SE-DU-TI \OT1/cm
r/bx/n/12 VA-LUES\OT1/cmr/m/n/12 ('Plexiglass',200,'Fision
 []


Underfull \hbox (badness 10000) in paragraph at lines 237--294

 []


Overfull \hbox (18.88016pt too wide) in paragraph at lines 237--294
\OT1/cmr/bx/n/12 INSERT IN-TO \OT1/cmr/m/n/12 MA-TE-RIA-LI-RI-CHIE-STI \OT1/cmr
/bx/n/12 VA-LUES\OT1/cmr/m/n/12 ('Ottone',700,to[]date('07-
 []


Overfull \hbox (23.67595pt too wide) in paragraph at lines 237--294
\OT1/cmr/bx/n/12 INSERT IN-TO \OT1/cmr/m/n/12 MA-TE-RIA-LI-RI-CHIE-STI \OT1/cmr
/bx/n/12 VA-LUES\OT1/cmr/m/n/12 ('Plastica',300,to[]date('20-
 []


Overfull \hbox (33.56334pt too wide) in paragraph at lines 237--294
\OT1/cmr/bx/n/12 INSERT IN-TO \OT1/cmr/m/n/12 MA-TE-RIA-LI-RI-CHIE-STI \OT1/cmr
/bx/n/12 VA-LUES\OT1/cmr/m/n/12 ('Alluminio',650,to[]date('05-
 []


Underfull \hbox (badness 10000) in paragraph at lines 237--294

 []


Underfull \hbox (badness 10000) in paragraph at lines 237--294

 []


Underfull \hbox (badness 10000) in paragraph at lines 237--294

 []


Underfull \hbox (badness 10000) in paragraph at lines 237--294

 []


Underfull \hbox (badness 10000) in paragraph at lines 237--294

 []


Underfull \hbox (badness 10000) in paragraph at lines 237--294

 []


Underfull \hbox (badness 10000) in paragraph at lines 237--294

 []


Underfull \hbox (badness 10000) in paragraph at lines 237--294

 []

[15] [16]
Underfull \hbox (badness 10000) in paragraph at lines 297--298

 []


Underfull \hbox (badness 10000) in paragraph at lines 297--298

 []

[17]
Underfull \hbox (badness 10000) in paragraph at lines 300--303

 []


Underfull \hbox (badness 10000) in paragraph at lines 300--303

 []


Underfull \hbox (badness 10000) in paragraph at lines 300--303

 []


Underfull \hbox (badness 10000) in paragraph at lines 305--309

 []


Underfull \hbox (badness 10000) in paragraph at lines 305--309

 []


Underfull \hbox (badness 10000) in paragraph at lines 305--309

 []


Underfull \hbox (badness 10000) in paragraph at lines 311--315

 []


Underfull \hbox (badness 10000) in paragraph at lines 311--315

 []


Underfull \hbox (badness 10000) in paragraph at lines 317--322

 []


Underfull \hbox (badness 10000) in paragraph at lines 317--322

 []


Underfull \hbox (badness 10000) in paragraph at lines 317--322

 []

[18]
Underfull \hbox (badness 10000) in paragraph at lines 324--328

 []


Underfull \hbox (badness 10000) in paragraph at lines 324--328

 []


Underfull \hbox (badness 10000) in paragraph at lines 324--328

 []


Underfull \hbox (badness 10000) in paragraph at lines 330--333

 []


Underfull \hbox (badness 10000) in paragraph at lines 330--333

 []


Underfull \hbox (badness 10000) in paragraph at lines 330--333

 []


Underfull \hbox (badness 10000) in paragraph at lines 335--343

 []


Overfull \hbox (78.29822pt too wide) in paragraph at lines 335--343
\OT1/cmr/bx/n/12 FROM \OT1/cmr/m/n/12 MAC-CHI-NA-RI M \OT1/cmr/bx/n/12 JOIN \OT
1/cmr/m/n/12 AT-TRI-BU-ZIO-NI A \OT1/cmr/bx/n/12 ON \OT1/cmr/m/n/12 M.Codice=A.
CodiceMacchinario 
 []


Overfull \hbox (78.29822pt too wide) in paragraph at lines 335--343
\OT1/cmr/bx/n/12 FROM \OT1/cmr/m/n/12 MAC-CHI-NA-RI M \OT1/cmr/bx/n/12 JOIN \OT
1/cmr/m/n/12 AT-TRI-BU-ZIO-NI A \OT1/cmr/bx/n/12 ON \OT1/cmr/m/n/12 M.Codice=A.
CodiceMacchinario 
 []


Underfull \hbox (badness 10000) in paragraph at lines 335--343

 []


Underfull \hbox (badness 10000) in paragraph at lines 335--343

 []


Underfull \hbox (badness 10000) in paragraph at lines 345--349

 []


Underfull \hbox (badness 10000) in paragraph at lines 345--349

 []


Underfull \hbox (badness 10000) in paragraph at lines 345--349

 []

[19]
Underfull \hbox (badness 10000) in paragraph at lines 351--357

 []


Underfull \hbox (badness 10000) in paragraph at lines 351--357

 []


Underfull \hbox (badness 10000) in paragraph at lines 351--357

 []


Underfull \hbox (badness 10000) in paragraph at lines 359--363

 []


Overfull \hbox (58.58319pt too wide) in paragraph at lines 359--363
\OT1/cmr/bx/n/12 FROM \OT1/cmr/m/n/12 PRO-GET-TO P \OT1/cmr/bx/n/12 JOIN \OT1/c
mr/m/n/12 AS-SE-GNA-ZIO-NI A \OT1/cmr/bx/n/12 ON \OT1/cmr/m/n/12 P.Codice=A.Cod
iceDipendente 
 []


Underfull \hbox (badness 10000) in paragraph at lines 359--363

 []


Underfull \hbox (badness 10000) in paragraph at lines 359--363

 []

LaTeX Font Info:    Calculating math sizes for size <5.69054> on input line 376
.

LaTeX Font Warning: Font shape `OT1/cmr/m/n' in size <3.98335> not available
(Font)              size <5> substituted on input line 376.


LaTeX Font Warning: Font shape `OT1/cmr/m/n' in size <2.84526> not available
(Font)              size <5> substituted on input line 376.


LaTeX Font Warning: Font shape `OML/cmm/m/it' in size <3.98335> not available
(Font)              size <5> substituted on input line 376.


LaTeX Font Warning: Font shape `OML/cmm/m/it' in size <2.84526> not available
(Font)              size <5> substituted on input line 376.


LaTeX Font Warning: Font shape `OMS/cmsy/m/n' in size <3.98335> not available
(Font)              size <5> substituted on input line 376.


LaTeX Font Warning: Font shape `OMS/cmsy/m/n' in size <2.84526> not available
(Font)              size <5> substituted on input line 376.

LaTeX Font Info:    External font `cmex10' loaded for size
(Font)              <5.69054> on input line 376.
LaTeX Font Info:    External font `cmex10' loaded for size
(Font)              <3.98335> on input line 376.
LaTeX Font Info:    External font `cmex10' loaded for size
(Font)              <2.84526> on input line 376.

Underfull \hbox (badness 10000) in paragraph at lines 369--382

 []


Underfull \hbox (badness 10000) in paragraph at lines 369--382

 []


Underfull \hbox (badness 10000) in paragraph at lines 369--382

 []

[20]
Underfull \hbox (badness 10000) in paragraph at lines 384--397

 []

[21]
("C:\Users\Daniele\Documents\Daniele\Università\Basi di Dati\Progetto Base di 
Dati\progettodatabaseferramenta.aux")

LaTeX Font Warning: Size substitutions with differences
(Font)              up to 2.15474pt have occurred.


LaTeX Warning: There were multiply-defined labels.

 )
(\end occurred inside a group at level 1)

### simple group (level 1) entered at line 385 ({)
### bottom level 
Here is how much of TeX's memory you used:
 2806 strings out of 494045
 42631 string characters out of 3148380
 110570 words of memory out of 3000000
 6093 multiletter control sequences out of 15000+200000
 9155 words of font info for 32 fonts, out of 3000000 for 9000
 715 hyphenation exceptions out of 8191
 36i,7n,38p,963b,284s stack positions out of 5000i,500n,10000p,200000b,50000s
<C:/Program Files/MiKTeX 2.9/fonts/type1/public/amsfonts/cm/cmb
x12.pfb><C:/Program Files/MiKTeX 2.9/fonts/type1/public/amsfonts/cm/cmmi12.pfb>
<C:/Program Files/MiKTeX 2.9/fonts/type1/public/amsfonts/cm/cmmi6.pfb><C:/Progr
am Files/MiKTeX 2.9/fonts/type1/public/amsfonts/cm/cmr12.pfb><C:/Program Files/
MiKTeX 2.9/fonts/type1/public/amsfonts/cm/cmr17.pfb><C:/Program Files/MiKTeX 2.
9/fonts/type1/public/amsfonts/cm/cmsy10.pfb><C:/Program Files/MiKTeX 2.9/fonts/
type1/public/amsfonts/cm/cmti12.pfb>
Output written on progettodatabaseferramenta.pdf (21 pages, 470983 bytes).
PDF statistics:
 115 PDF objects out of 1000 (max. 8388607)
 0 named destinations out of 1000 (max. 500000)
 16 words of extra memory for PDF output out of 10000 (max. 10000000)

